<?xml version="1.0" encoding="UTF-8"?>
<testng-results ignored="0" total="1" passed="1" failed="0" skipped="0">
  <reporter-output>
  </reporter-output>
  <suite started-at="2024-09-28T20:48:00 IST" name="Surefire suite" finished-at="2024-09-28T20:49:15 IST" duration-ms="74555">
    <groups>
    </groups>
    <test started-at="2024-09-28T20:48:00 IST" name="Surefire test" finished-at="2024-09-28T20:49:15 IST" duration-ms="74555">
      <class name="com.Way2Automation.Testlayer.RegisterTest">
        <test-method is-config="true" signature="start()[pri:0, instance:com.Way2Automation.Testlayer.RegisterTest@75329a49]" started-at="2024-09-28T20:48:00 IST" name="start" finished-at="2024-09-28T20:48:00 IST" duration-ms="84" status="PASS">
          <reporter-output>
          </reporter-output>
        </test-method> <!-- start -->
        <test-method is-config="true" signature="setup()[pri:0, instance:com.Way2Automation.Testlayer.RegisterTest@75329a49]" started-at="2024-09-28T20:48:00 IST" name="setup" finished-at="2024-09-28T20:48:04 IST" duration-ms="3204" status="PASS">
          <reporter-output>
          </reporter-output>
        </test-method> <!-- setup -->
        <test-method signature="validateragistrationtest()[pri:0, instance:com.Way2Automation.Testlayer.RegisterTest@75329a49]" started-at="2024-09-28T20:48:04 IST" name="validateragistrationtest" finished-at="2024-09-28T20:49:14 IST" duration-ms="70973" status="PASS">
          <reporter-output>
          </reporter-output>
        </test-method> <!-- validateragistrationtest -->
        <test-method is-config="true" signature="close()[pri:0, instance:com.Way2Automation.Testlayer.RegisterTest@75329a49]" started-at="2024-09-28T20:49:14 IST" name="close" finished-at="2024-09-28T20:49:15 IST" duration-ms="246" status="PASS">
          <reporter-output>
          </reporter-output>
        </test-method> <!-- close -->
        <test-method is-config="true" signature="end()[pri:0, instance:com.Way2Automation.Testlayer.RegisterTest@75329a49]" started-at="2024-09-28T20:49:15 IST" name="end" finished-at="2024-09-28T20:49:15 IST" duration-ms="1" status="PASS">
          <reporter-output>
          </reporter-output>
        </test-method> <!-- end -->
      </class> <!-- com.Way2Automation.Testlayer.RegisterTest -->
    </test> <!-- Surefire test -->
  </suite> <!-- Surefire suite -->
</testng-results>
