<?xml version="1.0" encoding="UTF-8"?>
<testsuite xmlns:xsi="http://www.w3.org/2001/XMLSchema-instance" xsi:noNamespaceSchemaLocation="https://maven.apache.org/surefire/maven-surefire-plugin/xsd/surefire-test-report-3.0.xsd" version="3.0" name="com.Way2Automation.Testlayer.RegisterTest" time="75.358" tests="1" errors="0" skipped="0" failures="0">
  <properties>
[...]
</properties>
  <testcase name="validateragistrationtest" classname="com.Way2Automation.Testlayer.RegisterTest" time="70.975">
    <system-out><![CDATA[ INFO [main] (TestBase.java:26)- FrameworkStarted
 INFO [main] (TestBase.java:56)- browser is lauched with website,coockies are deleted
 INFO [main] (Dropdownhandling.java:20)- 239
 INFO [main] (Dropdownhandling.java:25)- Afghanistan
 INFO [main] (Dropdownhandling.java:25)- Albania
 INFO [main] (Dropdownhandling.java:25)- Algeria
 INFO [main] (Dropdownhandling.java:25)- American Samoa
 INFO [main] (Dropdownhandling.java:25)- Andorra
 INFO [main] (Dropdownhandling.java:25)- Angola
 INFO [main] (Dropdownhandling.java:25)- Anguilla
 INFO [main] (Dropdownhandling.java:25)- Antarctica
 INFO [main] (Dropdownhandling.java:25)- Antigua and Barbuda
 INFO [main] (Dropdownhandling.java:25)- Argentina
 INFO [main] (Dropdownhandling.java:25)- Armenia
 INFO [main] (Dropdownhandling.java:25)- Aruba
 INFO [main] (Dropdownhandling.java:25)- Australia
 INFO [main] (Dropdownhandling.java:25)- Austria
 INFO [main] (Dropdownhandling.java:25)- Azerbaijan
 INFO [main] (Dropdownhandling.java:25)- Bahamas
 INFO [main] (Dropdownhandling.java:25)- Bahrain
 INFO [main] (Dropdownhandling.java:25)- Bangladesh
 INFO [main] (Dropdownhandling.java:25)- Barbados
 INFO [main] (Dropdownhandling.java:25)- Belarus
 INFO [main] (Dropdownhandling.java:25)- Belgium
 INFO [main] (Dropdownhandling.java:25)- Belize
 INFO [main] (Dropdownhandling.java:25)- Benin
 INFO [main] (Dropdownhandling.java:25)- Bermuda
 INFO [main] (Dropdownhandling.java:25)- Bhutan
 INFO [main] (Dropdownhandling.java:25)- Bolivia
 INFO [main] (Dropdownhandling.java:25)- Bosnia and Herzegowina
 INFO [main] (Dropdownhandling.java:25)- Botswana
 INFO [main] (Dropdownhandling.java:25)- Bouvet Island
 INFO [main] (Dropdownhandling.java:25)- Brazil
 INFO [main] (Dropdownhandling.java:25)- British Indian Ocean Territory
 INFO [main] (Dropdownhandling.java:25)- Brunei Darussalam
 INFO [main] (Dropdownhandling.java:25)- Bulgaria
 INFO [main] (Dropdownhandling.java:25)- Burkina Faso
 INFO [main] (Dropdownhandling.java:25)- Burundi
 INFO [main] (Dropdownhandling.java:25)- Cambodia
 INFO [main] (Dropdownhandling.java:25)- Cameroon
 INFO [main] (Dropdownhandling.java:25)- Canada
 INFO [main] (Dropdownhandling.java:25)- Cape Verde
 INFO [main] (Dropdownhandling.java:25)- Cayman Islands
 INFO [main] (Dropdownhandling.java:25)- Central African Republic
 INFO [main] (Dropdownhandling.java:25)- Chad
 INFO [main] (Dropdownhandling.java:25)- Chile
 INFO [main] (Dropdownhandling.java:25)- China
 INFO [main] (Dropdownhandling.java:25)- Christmas Island
 INFO [main] (Dropdownhandling.java:25)- Cocos (Keeling) Islands
 INFO [main] (Dropdownhandling.java:25)- Colombia
 INFO [main] (Dropdownhandling.java:25)- Comoros
 INFO [main] (Dropdownhandling.java:25)- Congo
 INFO [main] (Dropdownhandling.java:25)- Congo, the Democratic Republic of the
 INFO [main] (Dropdownhandling.java:25)- Cook Islands
 INFO [main] (Dropdownhandling.java:25)- Costa Rica
 INFO [main] (Dropdownhandling.java:25)- Cote d'Ivoire
 INFO [main] (Dropdownhandling.java:25)- Croatia (Hrvatska)
 INFO [main] (Dropdownhandling.java:25)- Cuba
 INFO [main] (Dropdownhandling.java:25)- Cyprus
 INFO [main] (Dropdownhandling.java:25)- Czech Republic
 INFO [main] (Dropdownhandling.java:25)- Denmark
 INFO [main] (Dropdownhandling.java:25)- Djibouti
 INFO [main] (Dropdownhandling.java:25)- Dominica
 INFO [main] (Dropdownhandling.java:25)- Dominican Republic
 INFO [main] (Dropdownhandling.java:25)- East Timor
 INFO [main] (Dropdownhandling.java:25)- Ecuador
 INFO [main] (Dropdownhandling.java:25)- Egypt
 INFO [main] (Dropdownhandling.java:25)- El Salvador
 INFO [main] (Dropdownhandling.java:25)- Equatorial Guinea
 INFO [main] (Dropdownhandling.java:25)- Eritrea
 INFO [main] (Dropdownhandling.java:25)- Estonia
 INFO [main] (Dropdownhandling.java:25)- Ethiopia
 INFO [main] (Dropdownhandling.java:25)- Falkland Islands (Malvinas)
 INFO [main] (Dropdownhandling.java:25)- Faroe Islands
 INFO [main] (Dropdownhandling.java:25)- Fiji
 INFO [main] (Dropdownhandling.java:25)- Finland
 INFO [main] (Dropdownhandling.java:25)- France
 INFO [main] (Dropdownhandling.java:25)- France, Metropolitan
 INFO [main] (Dropdownhandling.java:25)- French Guiana
 INFO [main] (Dropdownhandling.java:25)- French Polynesia
 INFO [main] (Dropdownhandling.java:25)- French Southern Territories
 INFO [main] (Dropdownhandling.java:25)- Gabon
 INFO [main] (Dropdownhandling.java:25)- Gambia
 INFO [main] (Dropdownhandling.java:25)- Georgia
 INFO [main] (Dropdownhandling.java:25)- Germany
 INFO [main] (Dropdownhandling.java:25)- Ghana
 INFO [main] (Dropdownhandling.java:25)- Gibraltar
 INFO [main] (Dropdownhandling.java:25)- Greece
 INFO [main] (Dropdownhandling.java:25)- Greenland
 INFO [main] (Dropdownhandling.java:25)- Grenada
 INFO [main] (Dropdownhandling.java:25)- Guadeloupe
 INFO [main] (Dropdownhandling.java:25)- Guam
 INFO [main] (Dropdownhandling.java:25)- Guatemala
 INFO [main] (Dropdownhandling.java:25)- Guinea
 INFO [main] (Dropdownhandling.java:25)- Guinea-Bissau
 INFO [main] (Dropdownhandling.java:25)- Guyana
 INFO [main] (Dropdownhandling.java:25)- Haiti
 INFO [main] (Dropdownhandling.java:25)- Heard and Mc Donald Islands
 INFO [main] (Dropdownhandling.java:25)- Holy See (Vatican City State)
 INFO [main] (Dropdownhandling.java:25)- Honduras
 INFO [main] (Dropdownhandling.java:25)- Hong Kong
 INFO [main] (Dropdownhandling.java:25)- Hungary
 INFO [main] (Dropdownhandling.java:25)- Iceland
 INFO [main] (Dropdownhandling.java:25)- India
 INFO [main] (Dropdownhandling.java:25)- Indonesia
 INFO [main] (Dropdownhandling.java:25)- Iran (Islamic Republic of)
 INFO [main] (Dropdownhandling.java:25)- Iraq
 INFO [main] (Dropdownhandling.java:25)- Ireland
 INFO [main] (Dropdownhandling.java:25)- Israel
 INFO [main] (Dropdownhandling.java:25)- Italy
 INFO [main] (Dropdownhandling.java:25)- Jamaica
 INFO [main] (Dropdownhandling.java:25)- Japan
 INFO [main] (Dropdownhandling.java:25)- Jordan
 INFO [main] (Dropdownhandling.java:25)- Kazakhstan
 INFO [main] (Dropdownhandling.java:25)- Kenya
 INFO [main] (Dropdownhandling.java:25)- Kiribati
 INFO [main] (Dropdownhandling.java:25)- Korea, Democratic People's Republic of
 INFO [main] (Dropdownhandling.java:25)- Korea, Republic of
 INFO [main] (Dropdownhandling.java:25)- Kuwait
 INFO [main] (Dropdownhandling.java:25)- Kyrgyzstan
 INFO [main] (Dropdownhandling.java:25)- Lao People's Democratic Republic
 INFO [main] (Dropdownhandling.java:25)- Latvia
 INFO [main] (Dropdownhandling.java:25)- Lebanon
 INFO [main] (Dropdownhandling.java:25)- Lesotho
 INFO [main] (Dropdownhandling.java:25)- Liberia
 INFO [main] (Dropdownhandling.java:25)- Libyan Arab Jamahiriya
 INFO [main] (Dropdownhandling.java:25)- Liechtenstein
 INFO [main] (Dropdownhandling.java:25)- Lithuania
 INFO [main] (Dropdownhandling.java:25)- Luxembourg
 INFO [main] (Dropdownhandling.java:25)- Macau
 INFO [main] (Dropdownhandling.java:25)- Macedonia, The Former Yugoslav Republic of
 INFO [main] (Dropdownhandling.java:25)- Madagascar
 INFO [main] (Dropdownhandling.java:25)- Malawi
 INFO [main] (Dropdownhandling.java:25)- Malaysia
 INFO [main] (Dropdownhandling.java:25)- Maldives
 INFO [main] (Dropdownhandling.java:25)- Mali
 INFO [main] (Dropdownhandling.java:25)- Malta
 INFO [main] (Dropdownhandling.java:25)- Marshall Islands
 INFO [main] (Dropdownhandling.java:25)- Martinique
 INFO [main] (Dropdownhandling.java:25)- Mauritania
 INFO [main] (Dropdownhandling.java:25)- Mauritius
 INFO [main] (Dropdownhandling.java:25)- Mayotte
 INFO [main] (Dropdownhandling.java:25)- Mexico
 INFO [main] (Dropdownhandling.java:25)- Micronesia, Federated States of
 INFO [main] (Dropdownhandling.java:25)- Moldova, Republic of
 INFO [main] (Dropdownhandling.java:25)- Monaco
 INFO [main] (Dropdownhandling.java:25)- Mongolia
 INFO [main] (Dropdownhandling.java:25)- Montserrat
 INFO [main] (Dropdownhandling.java:25)- Morocco
 INFO [main] (Dropdownhandling.java:25)- Mozambique
 INFO [main] (Dropdownhandling.java:25)- Myanmar
 INFO [main] (Dropdownhandling.java:25)- Namibia
 INFO [main] (Dropdownhandling.java:25)- Nauru
 INFO [main] (Dropdownhandling.java:25)- Nepal
 INFO [main] (Dropdownhandling.java:25)- Netherlands
 INFO [main] (Dropdownhandling.java:25)- Netherlands Antilles
 INFO [main] (Dropdownhandling.java:25)- New Caledonia
 INFO [main] (Dropdownhandling.java:25)- New Zealand
 INFO [main] (Dropdownhandling.java:25)- Nicaragua
 INFO [main] (Dropdownhandling.java:25)- Niger
 INFO [main] (Dropdownhandling.java:25)- Nigeria
 INFO [main] (Dropdownhandling.java:25)- Niue
 INFO [main] (Dropdownhandling.java:25)- Norfolk Island
 INFO [main] (Dropdownhandling.java:25)- Northern Mariana Islands
 INFO [main] (Dropdownhandling.java:25)- Norway
 INFO [main] (Dropdownhandling.java:25)- Oman
 INFO [main] (Dropdownhandling.java:25)- Pakistan
 INFO [main] (Dropdownhandling.java:25)- Palau
 INFO [main] (Dropdownhandling.java:25)- Panama
 INFO [main] (Dropdownhandling.java:25)- Papua New Guinea
 INFO [main] (Dropdownhandling.java:25)- Paraguay
 INFO [main] (Dropdownhandling.java:25)- Peru
 INFO [main] (Dropdownhandling.java:25)- Philippines
 INFO [main] (Dropdownhandling.java:25)- Pitcairn
 INFO [main] (Dropdownhandling.java:25)- Poland
 INFO [main] (Dropdownhandling.java:25)- Portugal
 INFO [main] (Dropdownhandling.java:25)- Puerto Rico
 INFO [main] (Dropdownhandling.java:25)- Qatar
 INFO [main] (Dropdownhandling.java:25)- Reunion
 INFO [main] (Dropdownhandling.java:25)- Romania
 INFO [main] (Dropdownhandling.java:25)- Russian Federation
 INFO [main] (Dropdownhandling.java:25)- Rwanda
 INFO [main] (Dropdownhandling.java:25)- Saint Kitts and Nevis
 INFO [main] (Dropdownhandling.java:25)- Saint LUCIA
 INFO [main] (Dropdownhandling.java:25)- Saint Vincent and the Grenadines
 INFO [main] (Dropdownhandling.java:25)- Samoa
 INFO [main] (Dropdownhandling.java:25)- San Marino
 INFO [main] (Dropdownhandling.java:25)- Sao Tome and Principe
 INFO [main] (Dropdownhandling.java:25)- Saudi Arabia
 INFO [main] (Dropdownhandling.java:25)- Senegal
 INFO [main] (Dropdownhandling.java:25)- Seychelles
 INFO [main] (Dropdownhandling.java:25)- Sierra Leone
 INFO [main] (Dropdownhandling.java:25)- Singapore
 INFO [main] (Dropdownhandling.java:25)- Slovakia (Slovak Republic)
 INFO [main] (Dropdownhandling.java:25)- Slovenia
 INFO [main] (Dropdownhandling.java:25)- Solomon Islands
 INFO [main] (Dropdownhandling.java:25)- Somalia
 INFO [main] (Dropdownhandling.java:25)- South Africa
 INFO [main] (Dropdownhandling.java:25)- South Georgia and the South Sandwich Islands
 INFO [main] (Dropdownhandling.java:25)- Spain
 INFO [main] (Dropdownhandling.java:25)- Sri Lanka
 INFO [main] (Dropdownhandling.java:25)- St. Helena
 INFO [main] (Dropdownhandling.java:25)- St. Pierre and Miquelon
 INFO [main] (Dropdownhandling.java:25)- Sudan
 INFO [main] (Dropdownhandling.java:25)- Suriname
 INFO [main] (Dropdownhandling.java:25)- Svalbard and Jan Mayen Islands
 INFO [main] (Dropdownhandling.java:25)- Swaziland
 INFO [main] (Dropdownhandling.java:25)- Sweden
 INFO [main] (Dropdownhandling.java:25)- Switzerland
 INFO [main] (Dropdownhandling.java:25)- Syrian Arab Republic
 INFO [main] (Dropdownhandling.java:25)- Taiwan, Province of China
 INFO [main] (Dropdownhandling.java:25)- Tajikistan
 INFO [main] (Dropdownhandling.java:25)- Tanzania, United Republic of
 INFO [main] (Dropdownhandling.java:25)- Thailand
 INFO [main] (Dropdownhandling.java:25)- Togo
 INFO [main] (Dropdownhandling.java:25)- Tokelau
 INFO [main] (Dropdownhandling.java:25)- Tonga
 INFO [main] (Dropdownhandling.java:25)- Trinidad and Tobago
 INFO [main] (Dropdownhandling.java:25)- Tunisia
 INFO [main] (Dropdownhandling.java:25)- Turkey
 INFO [main] (Dropdownhandling.java:25)- Turkmenistan
 INFO [main] (Dropdownhandling.java:25)- Turks and Caicos Islands
 INFO [main] (Dropdownhandling.java:25)- Tuvalu
 INFO [main] (Dropdownhandling.java:25)- Uganda
 INFO [main] (Dropdownhandling.java:25)- Ukraine
 INFO [main] (Dropdownhandling.java:25)- United Arab Emirates
 INFO [main] (Dropdownhandling.java:25)- United Kingdom
 INFO [main] (Dropdownhandling.java:25)- United States
 INFO [main] (Dropdownhandling.java:25)- United States Minor Outlying Islands
 INFO [main] (Dropdownhandling.java:25)- Uruguay
 INFO [main] (Dropdownhandling.java:25)- Uzbekistan
 INFO [main] (Dropdownhandling.java:25)- Vanuatu
 INFO [main] (Dropdownhandling.java:25)- Venezuela
 INFO [main] (Dropdownhandling.java:25)- Viet Nam
 INFO [main] (Dropdownhandling.java:25)- Virgin Islands (British)
 INFO [main] (Dropdownhandling.java:25)- Virgin Islands (U.S.)
 INFO [main] (Dropdownhandling.java:25)- Wallis and Futuna Islands
 INFO [main] (Dropdownhandling.java:25)- Western Sahara
 INFO [main] (Dropdownhandling.java:25)- Yemen
 INFO [main] (Dropdownhandling.java:25)- Yugoslavia
 INFO [main] (Dropdownhandling.java:25)- Zambia
 INFO [main] (Dropdownhandling.java:25)- Zimbabwe
]]></system-out>
    <system-err><![CDATA[SLF4J: Failed to load class "org.slf4j.impl.StaticLoggerBinder".
SLF4J: Defaulting to no-operation (NOP) logger implementation
SLF4J: See http://www.slf4j.org/codes.html#StaticLoggerBinder for further details.
Sep 28, 2024 8:48:02 PM org.openqa.selenium.devtools.CdpVersionFinder findNearestMatch
WARNING: Unable to find an exact match for CDP version 129, returning the closest version; found: 128; Please update to a Selenium version that supports CDP version 129
]]></system-err>
  </testcase>
</testsuite>