<?xml version="1.0" encoding="UTF-8"?>
<testng-results ignored="0" total="1" passed="1" failed="0" skipped="0">
  <reporter-output>
  </reporter-output>
  <suite started-at="2024-09-28T20:45:37 IST" name="Default suite" finished-at="2024-09-28T20:46:36 IST" duration-ms="59124">
    <groups>
    </groups>
    <test started-at="2024-09-28T20:45:37 IST" name="Default test" finished-at="2024-09-28T20:46:36 IST" duration-ms="59124">
      <class name="com.Way2Automation.Testlayer.RegisterTest">
        <test-method is-config="true" signature="start()[pri:0, instance:com.Way2Automation.Testlayer.RegisterTest@7c7b252e]" started-at="2024-09-28T20:45:37 IST" name="start" finished-at="2024-09-28T20:45:37 IST" duration-ms="146" status="PASS">
          <reporter-output>
          </reporter-output>
        </test-method> <!-- start -->
        <test-method is-config="true" signature="setup()[pri:0, instance:com.Way2Automation.Testlayer.RegisterTest@7c7b252e]" started-at="2024-09-28T20:45:37 IST" name="setup" finished-at="2024-09-28T20:45:42 IST" duration-ms="5039" status="PASS">
          <reporter-output>
          </reporter-output>
        </test-method> <!-- setup -->
        <test-method signature="validateragistrationtest()[pri:0, instance:com.Way2Automation.Testlayer.RegisterTest@7c7b252e]" started-at="2024-09-28T20:45:42 IST" name="validateragistrationtest" finished-at="2024-09-28T20:46:36 IST" duration-ms="53675" status="PASS">
          <reporter-output>
          </reporter-output>
        </test-method> <!-- validateragistrationtest -->
        <test-method is-config="true" signature="close()[pri:0, instance:com.Way2Automation.Testlayer.RegisterTest@7c7b252e]" started-at="2024-09-28T20:46:36 IST" name="close" finished-at="2024-09-28T20:46:36 IST" duration-ms="219" status="PASS">
          <reporter-output>
          </reporter-output>
        </test-method> <!-- close -->
        <test-method is-config="true" signature="end()[pri:0, instance:com.Way2Automation.Testlayer.RegisterTest@7c7b252e]" started-at="2024-09-28T20:46:36 IST" name="end" finished-at="2024-09-28T20:46:36 IST" duration-ms="0" status="PASS">
          <reporter-output>
          </reporter-output>
        </test-method> <!-- end -->
      </class> <!-- com.Way2Automation.Testlayer.RegisterTest -->
    </test> <!-- Default test -->
  </suite> <!-- Default suite -->
</testng-results>
